a1.bmp 1 100 200 150 150
a10.bmp 1 100 200 150 150
a11.bmp 1 100 200 150 150
a12.bmp 1 100 200 150 150
a13.bmp 1 100 200 150 150
a14.bmp 1 100 200 150 150
a15.bmp 1 100 200 150 150
a16.bmp 1 100 200 150 150
a17.bmp 1 100 200 150 150
a18.bmp 1 100 200 150 150
a19.bmp 1 100 200 150 150
a2.bmp 1 100 200 150 150
a20.bmp 1 100 200 150 150
a21.bmp 1 100 200 150 150
a22.bmp 1 100 200 150 150
a23.bmp 1 100 200 150 150
a24.bmp 1 100 200 150 150
a25.bmp 1 100 200 150 150
a3.bmp 1 100 200 150 150
a4.bmp 1 100 200 150 150
a5.bmp 1 100 200 150 150
a6.bmp 1 100 200 150 150
a7.bmp 1 100 200 150 150
a8.bmp 1 100 200 150 150
a9.bmp 1 100 200 150 150
b1.bmp 1 100 200 150 150
b10.bmp 1 100 200 150 150
b11.bmp 1 100 200 150 150
b12.bmp 1 100 200 150 150
b13.bmp 1 100 200 150 150
b14.bmp 1 100 200 150 150
b15.bmp 1 100 200 150 150
b16.bmp 1 100 200 150 150
b17.bmp 1 100 200 150 150
b18.bmp 1 100 200 150 150
b19.bmp 1 100 200 150 150
b2.bmp 1 100 200 150 150
b20.bmp 1 100 200 150 150
b21.bmp 1 100 200 150 150
b22.bmp 1 100 200 150 150
b23.bmp 1 100 200 150 150
b24.bmp 1 100 200 150 150
b25.bmp 1 100 200 150 150
b3.bmp 1 100 200 150 150
b4.bmp 1 100 200 150 150
b5.bmp 1 100 200 150 150
b6.bmp 1 100 200 150 150
b7.bmp 1 100 200 150 150
b8.bmp 1 100 200 150 150
b9.bmp 1 100 200 150 150
c1.bmp 1 100 200 150 150
c10.bmp 1 100 200 150 150
c11.bmp 1 100 200 150 150
c12.bmp 1 100 200 150 150
c13.bmp 1 100 200 150 150
c14.bmp 1 100 200 150 150
c15.bmp 1 100 200 150 150
c16.bmp 1 100 200 150 150
c17.bmp 1 100 200 150 150
c18.bmp 1 100 200 150 150
c19.bmp 1 100 200 150 150
c2.bmp 1 100 200 150 150
c20.bmp 1 100 200 150 150
c21.bmp 1 100 200 150 150
c22.bmp 1 100 200 150 150
c23.bmp 1 100 200 150 150
c24.bmp 1 100 200 150 150
c25.bmp 1 100 200 150 150
c3.bmp 1 100 200 150 150
c4.bmp 1 100 200 150 150
c5.bmp 1 100 200 150 150
c6.bmp 1 100 200 150 150
c7.bmp 1 100 200 150 150
c8.bmp 1 100 200 150 150
c9.bmp 1 100 200 150 150
d1.bmp 1 100 200 150 150
d10.bmp 1 100 200 150 150
d11.bmp 1 100 200 150 150
d12.bmp 1 100 200 150 150
d13.bmp 1 100 200 150 150
d14.bmp 1 100 200 150 150
d15.bmp 1 100 200 150 150
d16.bmp 1 100 200 150 150
d17.bmp 1 100 200 150 150
d18.bmp 1 100 200 150 150
d19.bmp 1 100 200 150 150
d2.bmp 1 100 200 150 150
d20.bmp 1 100 200 150 150
d21.bmp 1 100 200 150 150
d22.bmp 1 100 200 150 150
d23.bmp 1 100 200 150 150
d24.bmp 1 100 200 150 150
d25.bmp 1 100 200 150 150
d3.bmp 1 100 200 150 150
d4.bmp 1 100 200 150 150
d5.bmp 1 100 200 150 150
d6.bmp 1 100 200 150 150
d7.bmp 1 100 200 150 150
d8.bmp 1 100 200 150 150
d9.bmp 1 100 200 150 150
e1.bmp 1 100 200 150 150
e10.bmp 1 100 200 150 150
e11.bmp 1 100 200 150 150
e12.bmp 1 100 200 150 150
e13.bmp 1 100 200 150 150
e14.bmp 1 100 200 150 150
e15.bmp 1 100 200 150 150
e16.bmp 1 100 200 150 150
e17.bmp 1 100 200 150 150
e18.bmp 1 100 200 150 150
e19.bmp 1 100 200 150 150
e2.bmp 1 100 200 150 150
e20.bmp 1 100 200 150 150
e21.bmp 1 100 200 150 150
e22.bmp 1 100 200 150 150
e23.bmp 1 100 200 150 150
e24.bmp 1 100 200 150 150
e25.bmp 1 100 200 150 150
e3.bmp 1 100 200 150 150
e4.bmp 1 100 200 150 150
e5.bmp 1 100 200 150 150
e6.bmp 1 100 200 150 150
e7.bmp 1 100 200 150 150
e8.bmp 1 100 200 150 150
e9.bmp 1 100 200 150 150
f1.bmp 1 100 200 150 150
f10.bmp 1 100 200 150 150
f11.bmp 1 100 200 150 150
f12.bmp 1 100 200 150 150
f13.bmp 1 100 200 150 150
f14.bmp 1 100 200 150 150
f15.bmp 1 100 200 150 150
f16.bmp 1 100 200 150 150
f17.bmp 1 100 200 150 150
f18.bmp 1 100 200 150 150
f19.bmp 1 100 200 150 150
f2.bmp 1 100 200 150 150
f20.bmp 1 100 200 150 150
f21.bmp 1 100 200 150 150
f22.bmp 1 100 200 150 150
f23.bmp 1 100 200 150 150
f24.bmp 1 100 200 150 150
f25.bmp 1 100 200 150 150
f3.bmp 1 100 200 150 150
f4.bmp 1 100 200 150 150
f5.bmp 1 100 200 150 150
f6.bmp 1 100 200 150 150
f7.bmp 1 100 200 150 150
f8.bmp 1 100 200 150 150
f9.bmp 1 100 200 150 150
g1.bmp 1 100 200 150 150
g10.bmp 1 100 200 150 150
g11.bmp 1 100 200 150 150
g12.bmp 1 100 200 150 150
g13.bmp 1 100 200 150 150
g14.bmp 1 100 200 150 150
g15.bmp 1 100 200 150 150
g16.bmp 1 100 200 150 150
g17.bmp 1 100 200 150 150
g18.bmp 1 100 200 150 150
g19.bmp 1 100 200 150 150
g2.bmp 1 100 200 150 150
g20.bmp 1 100 200 150 150
g21.bmp 1 100 200 150 150
g22.bmp 1 100 200 150 150
g23.bmp 1 100 200 150 150
g24.bmp 1 100 200 150 150
g25.bmp 1 100 200 150 150
g3.bmp 1 100 200 150 150
g4.bmp 1 100 200 150 150
g5.bmp 1 100 200 150 150
g6.bmp 1 100 200 150 150
g7.bmp 1 100 200 150 150
g8.bmp 1 100 200 150 150
g9.bmp 1 100 200 150 150
h1.bmp 1 100 200 150 150
h10.bmp 1 100 200 150 150
h11.bmp 1 100 200 150 150
h12.bmp 1 100 200 150 150
h13.bmp 1 100 200 150 150
h14.bmp 1 100 200 150 150
h15.bmp 1 100 200 150 150
h16.bmp 1 100 200 150 150
h17.bmp 1 100 200 150 150
h18.bmp 1 100 200 150 150
h19.bmp 1 100 200 150 150
h2.bmp 1 100 200 150 150
h20.bmp 1 100 200 150 150
h21.bmp 1 100 200 150 150
h22.bmp 1 100 200 150 150
h23.bmp 1 100 200 150 150
h24.bmp 1 100 200 150 150
h25.bmp 1 100 200 150 150
h3.bmp 1 100 200 150 150
h4.bmp 1 100 200 150 150
h5.bmp 1 100 200 150 150
h6.bmp 1 100 200 150 150
h7.bmp 1 100 200 150 150
h8.bmp 1 100 200 150 150
h9.bmp 1 100 200 150 150
